<?xml version="1.0" encoding="utf-8"?><testsuites name="pytest tests"><testsuite name="pytest" errors="0" failures="0" skipped="0" tests="15" time="2.656" timestamp="2026-04-30T20:35:00.164561+00:00" hostname="agent-env-9baa6353-5ed1-4553-a3e9-db2132c47b94"><testcase classname="backend.tests.test_iteration4" name="test_root_message" time="0.302" /><testcase classname="backend.tests.test_iteration4" name="test_seed_endpoint_removed" time="0.052" /><testcase classname="backend.tests.test_iteration4" name="test_seed_dental_idempotent" time="0.105" /><testcase classname="backend.tests.test_iteration4" name="test_20_dental_categories_present" time="0.055" /><testcase classname="backend.tests.test_iteration4" name="test_supplier_crud" time="0.163" /><testcase classname="backend.tests.test_iteration4" name="test_product_fields" time="0.053" /><testcase classname="backend.tests.test_iteration4" name="test_unique_barcode_on_create" time="0.166" /><testcase classname="backend.tests.test_iteration4" name="test_unique_barcode_on_update" time="0.168" /><testcase classname="backend.tests.test_iteration4" name="test_generate_barcode_idempotent" time="0.154" /><testcase classname="backend.tests.test_iteration4" name="test_products_with_usage" time="0.166" /><testcase classname="backend.tests.test_iteration4" name="test_scan_flow" time="0.101" /><testcase classname="backend.tests.test_iteration4" name="test_reorder_only_low_stock" time="0.142" /><testcase classname="backend.tests.test_iteration4" name="test_dashboard_stats_fields" time="0.072" /><testcase classname="backend.tests.test_iteration4" name="test_alerts_structure" time="0.060" /><testcase classname="backend.tests.test_iteration4" name="test_server_local_importable" time="0.773" /></testsuite></testsuites>