<?xml version="1.0" encoding="utf-8"?><testsuites name="pytest tests"><testsuite name="pytest" errors="0" failures="0" skipped="0" tests="28" time="5.169" timestamp="2026-04-29T21:15:05.294338+00:00" hostname="agent-env-9baa6353-5ed1-4553-a3e9-db2132c47b94"><testcase classname="backend.tests.test_backend_api" name="test_root" time="0.234" /><testcase classname="backend.tests.test_backend_api" name="test_seed_idempotent" time="0.074" /><testcase classname="backend.tests.test_backend_api.TestCategories" name="test_list" time="0.074" /><testcase classname="backend.tests.test_backend_api.TestCategories" name="test_crud" time="0.282" /><testcase classname="backend.tests.test_backend_api.TestSuppliers" name="test_list" time="0.076" /><testcase classname="backend.tests.test_backend_api.TestSuppliers" name="test_crud" time="0.222" /><testcase classname="backend.tests.test_backend_api.TestProducts" name="test_list" time="0.071" /><testcase classname="backend.tests.test_backend_api.TestProducts" name="test_search_filter" time="0.075" /><testcase classname="backend.tests.test_backend_api.TestProducts" name="test_by_barcode_found" time="0.069" /><testcase classname="backend.tests.test_backend_api.TestProducts" name="test_by_barcode_not_found" time="0.068" /><testcase classname="backend.tests.test_backend_api.TestProducts" name="test_crud_and_persistence" time="0.336" /><testcase classname="backend.tests.test_backend_api.TestMovements" name="test_movement_in_and_out" time="0.509" /><testcase classname="backend.tests.test_backend_api.TestMovements" name="test_list_movements" time="0.069" /><testcase classname="backend.tests.test_backend_api.TestScan" name="test_scan_out_updates_stock" time="0.210" /><testcase classname="backend.tests.test_backend_api.TestScan" name="test_scan_not_found" time="0.071" /><testcase classname="backend.tests.test_backend_api.TestAlerts" name="test_alerts_structure" time="0.079" /><testcase classname="backend.tests.test_backend_api.TestDashboard" name="test_stats" time="0.071" /><testcase classname="backend.tests.test_backend_api.TestOrders" name="test_order_flow_receive_updates_stock" time="0.472" /><testcase classname="backend.tests.test_iteration3" name="test_root_branded" time="0.213" /><testcase classname="backend.tests.test_iteration3" name="test_seed_dental_categories_idempotent" time="0.227" /><testcase classname="backend.tests.test_iteration3.TestProductNewFields" name="test_create_with_brand_and_url" time="0.222" /><testcase classname="backend.tests.test_iteration3.TestProductNewFields" name="test_update_brand" time="0.208" /><testcase classname="backend.tests.test_iteration3.TestGenerateBarcode" name="test_generate_creates_os_code_and_idempotent" time="0.509" /><testcase classname="backend.tests.test_iteration3.TestGenerateBarcode" name="test_generate_404_for_missing" time="0.073" /><testcase classname="backend.tests.test_iteration3" name="test_products_with_usage" time="0.076" /><testcase classname="backend.tests.test_iteration3.TestReorderNewRule" name="test_only_under_threshold_returned" time="0.072" /><testcase classname="backend.tests.test_iteration3.TestReorderNewRule" name="test_suggested_quantity_formula" time="0.210" /><testcase classname="backend.tests.test_iteration3" name="test_dashboard_has_top_consumed" time="0.073" /></testsuite></testsuites>